<?xml version="1.0" encoding="UTF-8"?>
<testng-results ignored="0" total="2" passed="2" failed="0" skipped="0">
  <reporter-output>
    <line>
      <![CDATA[Product : Fold-over Business Cards]]>
    </line>
    <line>
      <![CDATA[WaitTillPageReadyState for Product : Fold-over Business Cards <-----> 1st Visit  Timer  : 13133 ms]]>
    </line>
    <line>
      <![CDATA[WaitTillPageReadyState for Product : Fold-over Business Cards <-----> 2nd Visit Timer  : 9742 ms]]>
    </line>
    <line>
      <![CDATA[Product : Leaf Business Cards]]>
    </line>
    <line>
      <![CDATA[WaitTillPageReadyState for Product : Leaf Business Cards <-----> 1st Visit  Timer  : 40576 ms]]>
    </line>
    <line>
      <![CDATA[WaitTillPageReadyState for Product : Leaf Business Cards <-----> 2nd Visit Timer  : 8968 ms]]>
    </line>
  </reporter-output>
  <suite started-at="2021-06-25T14:02:09 IST" name="Basic Suite" finished-at="2021-06-25T14:04:52 IST" duration-ms="162829">
    <groups>
    </groups>
    <test started-at="2021-06-25T14:02:09 IST" name="Page load test" finished-at="2021-06-25T14:04:52 IST" duration-ms="162829">
      <class name="com.magento.testScripts.TestPageInteractiveForProducts">
        <test-method is-config="true" signature="launchApplication()[pri:0, instance:com.magento.testScripts.TestPageInteractiveForProducts@f736069]" started-at="2021-06-25T14:02:10 IST" name="launchApplication" finished-at="2021-06-25T14:02:34 IST" duration-ms="23355" status="PASS">
          <reporter-output>
          </reporter-output>
        </test-method> <!-- launchApplication -->
        <test-method signature="productPageInteractive(java.util.Hashtable)[pri:0, instance:com.magento.testScripts.TestPageInteractiveForProducts@f736069]" started-at="2021-06-25T14:02:34 IST" name="productPageInteractive" data-provider="getData" finished-at="2021-06-25T14:03:12 IST" duration-ms="38551" status="PASS">
          <params>
            <param index="0">
              <value>
                <![CDATA[{ProductURL=https://mcstaging.4over.com/fold-over-business-cards.html, Products=Fold-over Business Cards}]]>
              </value>
            </param>
          </params>
          <reporter-output>
            <line>
              <![CDATA[Product : Fold-over Business Cards]]>
            </line>
            <line>
              <![CDATA[WaitTillPageReadyState for Product : Fold-over Business Cards <-----> 1st Visit  Timer  : 13133 ms]]>
            </line>
            <line>
              <![CDATA[WaitTillPageReadyState for Product : Fold-over Business Cards <-----> 2nd Visit Timer  : 9742 ms]]>
            </line>
          </reporter-output>
        </test-method> <!-- productPageInteractive -->
        <test-method is-config="true" signature="tearDown()[pri:0, instance:com.magento.testScripts.TestPageInteractiveForProducts@f736069]" started-at="2021-06-25T14:03:12 IST" name="tearDown" finished-at="2021-06-25T14:03:13 IST" duration-ms="942" status="PASS">
          <reporter-output>
          </reporter-output>
        </test-method> <!-- tearDown -->
        <test-method is-config="true" signature="launchApplication()[pri:0, instance:com.magento.testScripts.TestPageInteractiveForProducts@f736069]" started-at="2021-06-25T14:03:13 IST" name="launchApplication" finished-at="2021-06-25T14:03:30 IST" duration-ms="16717" status="PASS">
          <reporter-output>
          </reporter-output>
        </test-method> <!-- launchApplication -->
        <test-method signature="productPageInteractive(java.util.Hashtable)[pri:0, instance:com.magento.testScripts.TestPageInteractiveForProducts@f736069]" started-at="2021-06-25T14:03:30 IST" name="productPageInteractive" data-provider="getData" finished-at="2021-06-25T14:04:47 IST" duration-ms="76625" status="PASS">
          <params>
            <param index="0">
              <value>
                <![CDATA[{ProductURL=https://mcstaging.4over.com/leaf-business-cards.html, Products=Leaf Business Cards}]]>
              </value>
            </param>
          </params>
          <reporter-output>
            <line>
              <![CDATA[Product : Leaf Business Cards]]>
            </line>
            <line>
              <![CDATA[WaitTillPageReadyState for Product : Leaf Business Cards <-----> 1st Visit  Timer  : 40576 ms]]>
            </line>
            <line>
              <![CDATA[WaitTillPageReadyState for Product : Leaf Business Cards <-----> 2nd Visit Timer  : 8968 ms]]>
            </line>
          </reporter-output>
        </test-method> <!-- productPageInteractive -->
        <test-method is-config="true" signature="tearDown()[pri:0, instance:com.magento.testScripts.TestPageInteractiveForProducts@f736069]" started-at="2021-06-25T14:04:47 IST" name="tearDown" finished-at="2021-06-25T14:04:52 IST" duration-ms="5121" status="PASS">
          <reporter-output>
          </reporter-output>
        </test-method> <!-- tearDown -->
      </class> <!-- com.magento.testScripts.TestPageInteractiveForProducts -->
    </test> <!-- Page load test -->
  </suite> <!-- Basic Suite -->
</testng-results>
