<?xml version="1.0" encoding="UTF-8"?>
<!-- Generated by org.testng.reporters.JUnitXMLReporter -->
<testsuite ignored="1" hostname="Clairvoyant-222" failures="0" tests="1" name="Login Test" time="13.475" errors="0" timestamp="2021-05-06T20:18:34 IST">
  <testcase classname="com.magento.testScripts.LoginTest" name="testLoginWorking" time="7.862"/>
  <testcase classname="com.magento.testScripts.LoginTest" name="testLogin" time="0.0">
    <ignored/>
  </testcase> <!-- testLogin -->
</testsuite> <!-- Login Test -->
