<?xml version="1.0" encoding="UTF-8"?>
<!-- Generated by org.testng.reporters.JUnitXMLReporter -->
<testsuite ignored="0" hostname="Clairvoyant-246" failures="0" tests="2" name="Page load test" time="162.829" errors="0" timestamp="2021-06-25T14:04:52 IST">
  <testcase classname="com.magento.testScripts.TestPageInteractiveForProducts" name="productPageInteractive" time="38.551"/>
  <testcase classname="com.magento.testScripts.TestPageInteractiveForProducts" name="productPageInteractive" time="76.625"/>
</testsuite> <!-- Page load test -->
