<?xml version="1.0" encoding="UTF-8"?>
<!-- Generated by org.testng.reporters.JUnitXMLReporter -->
<testsuite ignored="1" hostname="Clairvoyant-246" failures="0" tests="1" name="Smoke Test" time="0.402" errors="0" timestamp="2021-06-21T22:02:54 IST">
  <testcase classname="com.magento.rough.TestPageInteractiveForProducts" name="productPageInteractive" time="0.0">
    <skipped/>
  </testcase> <!-- productPageInteractive -->
  <testcase classname="com.magento.rough.TestPageInteractiveForProducts" name="productPageInteractive_copy" time="0.0">
    <ignored/>
  </testcase> <!-- productPageInteractive_copy -->
</testsuite> <!-- Smoke Test -->
