<?xml version="1.0" encoding="UTF-8"?>
<!-- Generated by org.testng.reporters.JUnitXMLReporter -->
<testsuite ignored="2" hostname="Clairvoyant-246" failures="0" tests="1" name="Smoke Test1" time="0.402" errors="0" timestamp="2021-06-21T18:31:14 IST">
  <testcase classname="com.magento.rough.TestPageInteractiveForProducts" name="productPageInteractive1to150" time="0.0">
    <skipped/>
  </testcase> <!-- productPageInteractive1to150 -->
  <testcase classname="com.magento.rough.TestPageInteractiveForProducts" name="productPageInteractive_copy" time="0.0">
    <ignored/>
  </testcase> <!-- productPageInteractive_copy -->
  <testcase classname="com.magento.rough.TestPageInteractiveForProducts" name="productPageInteractive151to300" time="0.0">
    <ignored/>
  </testcase> <!-- productPageInteractive151to300 -->
</testsuite> <!-- Smoke Test1 -->
